<?xml version="1.0" encoding="UTF-8"?>
<!-- Generated by org.testng.reporters.JUnitReportReporter -->
<testsuite skipped="0" hostname="apasham-171222" name="parameterization.TestParameterization" tests="3" failures="0" timestamp="2020-02-29T20:01:51 PST" time="0.022" errors="0">
  <testcase name="doLogin" time="0.002" classname="parameterization.TestParameterization"/>
  <testcase name="doLogin" time="0.015" classname="parameterization.TestParameterization"/>
  <testcase name="doLogin" time="0.005" classname="parameterization.TestParameterization"/>
</testsuite> <!-- parameterization.TestParameterization -->
