<?xml version="1.0" encoding="UTF-8"?>
<!-- Generated by org.testng.reporters.JUnitReportReporter -->
<testsuite skipped="0" hostname="apasham-171222" name="testcases.BaseTest" tests="3" failures="0" timestamp="2020-02-29T20:18:55 PST" time="4.434" errors="0">
  <testcase name="testChromeBrowser" time="1.332" classname="testcases.BaseTest"/>
  <testcase name="testFirefoxbrowser" time="1.398" classname="testcases.BaseTest"/>
  <testcase name="testIEbrowser" time="1.704" classname="testcases.BaseTest"/>
</testsuite> <!-- testcases.BaseTest -->
