<?xml version="1.0" encoding="UTF-8"?>
<!-- Generated by org.testng.reporters.JUnitReportReporter -->
<testsuite skipped="1" hostname="apasham-171222" name="TestCases.TestSkip" tests="1" failures="0" timestamp="2019-09-13T16:18:59 PDT" time="0.012" errors="0">
  <testcase name="isSkip" time="0.012" classname="TestCases.TestSkip">
    <skipped/>
  </testcase> <!-- isSkip -->
</testsuite> <!-- TestCases.TestSkip -->
