<?xml version="1.0" encoding="UTF-8"?>
<!-- Generated by org.testng.reporters.JUnitReportReporter -->
<testsuite skipped="0" hostname="apasham-171222" name="TestCases.TestCase3" tests="4" failures="0" timestamp="2019-09-13T16:35:10 PDT" time="0.012" errors="0">
  <testcase name="doUserRegister" time="0.005" classname="TestCases.TestCase3"/>
  <testcase name="doLogin" time="0.002" classname="TestCases.TestCase3"/>
  <testcase name="thirdTest" time="0.002" classname="TestCases.TestCase3"/>
  <testcase name="fourthTest" time="0.003" classname="TestCases.TestCase3"/>
</testsuite> <!-- TestCases.TestCase3 -->
